#
# There is insufficient memory for the Java Runtime Environment to continue.
# Native memory allocation (malloc) failed to allocate 132896 bytes for Chunk::new
# Possible reasons:
#   The system is out of physical RAM or swap space
#   The process is running with CompressedOops enabled, and the Java Heap may be blocking the growth of the native heap
# Possible solutions:
#   Reduce memory load on the system
#   Increase physical memory or swap space
#   Check if swap backing store is full
#   Decrease Java heap size (-Xmx/-Xms)
#   Decrease number of Java threads
#   Decrease Java thread stack sizes (-Xss)
#   Set larger code cache with -XX:ReservedCodeCacheSize=
#   JVM is running with Zero Based Compressed Oops mode in which the Java heap is
#     placed in the first 32GB address space. The Java Heap base address is the
#     maximum limit for the native heap growth. Please use -XX:HeapBaseMinAddress
#     to set the Java Heap base and to place the Java Heap above 32GB virtual address.
# This output file may be truncated or incomplete.
#
#  Out of Memory Error (arena.cpp:189), pid=23316, tid=13128
#
# JRE version: OpenJDK Runtime Environment Temurin-17.0.6+10 (17.0.6+10) (build 17.0.6+10)
# Java VM: OpenJDK 64-Bit Server VM Temurin-17.0.6+10 (17.0.6+10, mixed mode, tiered, compressed oops, compressed class ptrs, g1 gc, windows-amd64)
# No core dump will be written. Minidumps are not enabled by default on client versions of Windows
#

---------------  S U M M A R Y ------------

Command Line: -Dfile.encoding=UTF-8 --module-path=C:\Users\Zappa\eclipse-workspace\TrabajoIntegrador\lib\mysql-connector-java-5.1.47.jar -XX:+ShowCodeDetailsInExceptionMessages TrabajoIntegrador.Main

Host: Intel(R) Core(TM) i7-6700HQ CPU @ 2.60GHz, 8 cores, 15G,  Windows 10 , 64 bit Build 19041 (10.0.19041.2788)
Time: Tue Apr 25 15:45:38 2023 Argentina Standard Time elapsed time: 0.228314 seconds (0d 0h 0m 0s)

---------------  T H R E A D  ---------------

Current thread (0x0000020ce477ace0):  JavaThread "C2 CompilerThread1" daemon [_thread_in_native, id=13128, stack(0x0000001337900000,0x0000001337a00000)]


Current CompileTask:
C2:    228  322       4       java.lang.StringLatin1::replace (198 bytes)

Stack: [0x0000001337900000,0x0000001337a00000]
Native frames: (J=compiled Java code, j=interpreted, Vv=VM code, C=native code)
V  [jvm.dll+0x67741a]
V  [jvm.dll+0x834434]
V  [jvm.dll+0x835bde]
V  [jvm.dll+0x836243]
V  [jvm.dll+0x2457b5]
V  [jvm.dll+0xabafc]
V  [jvm.dll+0xac0cc]
V  [jvm.dll+0x2ac94f]
V  [jvm.dll+0x57de47]
V  [jvm.dll+0x220812]
V  [jvm.dll+0x220bef]
V  [jvm.dll+0x21a445]
V  [jvm.dll+0x21790b]
V  [jvm.dll+0x1a3d0d]
V  [jvm.dll+0x22742a]
V  [jvm.dll+0x225565]
V  [jvm.dll+0x7ea2cb]
V  [jvm.dll+0x7e483a]
V  [jvm.dll+0x6762c5]
C  [ucrtbase.dll+0x21bb2]
C  [KERNEL32.DLL+0x17604]
C  [ntdll.dll+0x526a1]


---------------  P R O C E S S  ---------------

Threads class SMR info:
_java_thread_list=0x0000020ce4876e00, length=13, elements={
0x0000020cc15534a0, 0x0000020ce40a5820, 0x0000020ce45a3500, 0x0000020ce40a7720,
0x0000020ce45c2400, 0x0000020ce45c4cd0, 0x0000020ce45c7690, 0x0000020ce45cdf40,
0x0000020ce45daa00, 0x0000020ce45db800, 0x0000020ce4793030, 0x0000020ce477ace0,
0x0000020ce5c23aa0
}

Java Threads: ( => current thread )
  0x0000020cc15534a0 JavaThread "main" [_thread_in_vm, id=22476, stack(0x0000001336800000,0x0000001336900000)]
  0x0000020ce40a5820 JavaThread "Reference Handler" daemon [_thread_blocked, id=15616, stack(0x0000001336f00000,0x0000001337000000)]
  0x0000020ce45a3500 JavaThread "Finalizer" daemon [_thread_blocked, id=2500, stack(0x0000001337000000,0x0000001337100000)]
  0x0000020ce40a7720 JavaThread "Signal Dispatcher" daemon [_thread_blocked, id=8560, stack(0x0000001337100000,0x0000001337200000)]
  0x0000020ce45c2400 JavaThread "Attach Listener" daemon [_thread_blocked, id=2864, stack(0x0000001337200000,0x0000001337300000)]
  0x0000020ce45c4cd0 JavaThread "Service Thread" daemon [_thread_blocked, id=25512, stack(0x0000001337300000,0x0000001337400000)]
  0x0000020ce45c7690 JavaThread "Monitor Deflation Thread" daemon [_thread_blocked, id=25852, stack(0x0000001337400000,0x0000001337500000)]
  0x0000020ce45cdf40 JavaThread "C2 CompilerThread0" daemon [_thread_blocked, id=17268, stack(0x0000001337500000,0x0000001337600000)]
  0x0000020ce45daa00 JavaThread "C1 CompilerThread0" daemon [_thread_in_vm, id=21864, stack(0x0000001337600000,0x0000001337700000)]
  0x0000020ce45db800 JavaThread "Sweeper thread" daemon [_thread_blocked, id=1960, stack(0x0000001337700000,0x0000001337800000)]
  0x0000020ce4793030 JavaThread "Common-Cleaner" daemon [_thread_blocked, id=19496, stack(0x0000001337800000,0x0000001337900000)]
=>0x0000020ce477ace0 JavaThread "C2 CompilerThread1" daemon [_thread_in_native, id=13128, stack(0x0000001337900000,0x0000001337a00000)]
  0x0000020ce5c23aa0 JavaThread "Notification Thread" daemon [_thread_blocked, id=24428, stack(0x0000001337a00000,0x0000001337b00000)]

Other Threads:
  0x0000020ce40a1d60 VMThread "VM Thread" [stack: 0x0000001336e00000,0x0000001336f00000] [id=26356]
  0x0000020cc1554260 WatcherThread [stack: 0x0000001337b00000,0x0000001337c00000] [id=22884]
  0x0000020cc15c0040 GCTaskThread "GC Thread#0" [stack: 0x0000001336900000,0x0000001336a00000] [id=24168]
  0x0000020cc15d1530 ConcurrentGCThread "G1 Main Marker" [stack: 0x0000001336a00000,0x0000001336b00000] [id=24424]
  0x0000020cc15d2310 ConcurrentGCThread "G1 Conc#0" [stack: 0x0000001336b00000,0x0000001336c00000] [id=23908]
  0x0000020cc15fe0c0 ConcurrentGCThread "G1 Refine#0" [stack: 0x0000001336c00000,0x0000001336d00000] [id=424]
  0x0000020cc15feae0 ConcurrentGCThread "G1 Service" [stack: 0x0000001336d00000,0x0000001336e00000] [id=7128]

Threads with active compile tasks:
C1 CompilerThread0      258  331       3       java.lang.invoke.LambdaForm::forceInterpretation (14 bytes)
C2 CompilerThread1      258  322       4       java.lang.StringLatin1::replace (198 bytes)

VM state: not at safepoint (normal execution)

VM Mutex/Monitor currently owned by a thread:  ([mutex/lock_event])
[0x0000020cbf3ff3a0] Metaspace_lock - owner thread: 0x0000020cc15534a0
[0x0000020cc154e250] MethodData_lock - owner thread: 0x0000020ce45daa00

Heap address: 0x0000000701e00000, size: 4066 MB, Compressed Oops mode: Zero based, Oop shift amount: 3

CDS archive(s) not mapped
Compressed class space mapped at: 0x0000000800000000-0x0000000840000000, reserved size: 1073741824
Narrow klass base: 0x0000000800000000, Narrow klass shift: 0, Narrow klass range: 0x40000000

GC Precious Log:
 CPUs: 8 total, 8 available
 Memory: 16256M
 Large Page Support: Disabled
 NUMA Support: Disabled
 Compressed Oops: Enabled (Zero based)
 Heap Region Size: 2M
 Heap Min Capacity: 8M
 Heap Initial Capacity: 256M
 Heap Max Capacity: 4066M
 Pre-touch: Disabled
 Parallel Workers: 8
 Concurrent Workers: 2
 Concurrent Refinement Workers: 8
 Periodic GC: Disabled

Heap:
 garbage-first heap   total 262144K, used 2048K [0x0000000701e00000, 0x0000000800000000)
  region size 2048K, 2 young (4096K), 0 survivors (0K)
 Metaspace       used 7293K, committed 7424K, reserved 1056768K
  class space    used 640K, committed 704K, reserved 1048576K

Heap Regions: E=young(eden), S=young(survivor), O=old, HS=humongous(starts), HC=humongous(continues), CS=collection set, F=free, OA=open archive, CA=closed archive, TAMS=top-at-mark-start (previous, next)
|   0|0x0000000701e00000, 0x0000000701e00000, 0x0000000702000000|  0%| F|  |TAMS 0x0000000701e00000, 0x0000000701e00000| Untracked 
|   1|0x0000000702000000, 0x0000000702000000, 0x0000000702200000|  0%| F|  |TAMS 0x0000000702000000, 0x0000000702000000| Untracked 
|   2|0x0000000702200000, 0x0000000702200000, 0x0000000702400000|  0%| F|  |TAMS 0x0000000702200000, 0x0000000702200000| Untracked 
|   3|0x0000000702400000, 0x0000000702400000, 0x0000000702600000|  0%| F|  |TAMS 0x0000000702400000, 0x0000000702400000| Untracked 
|   4|0x0000000702600000, 0x0000000702600000, 0x0000000702800000|  0%| F|  |TAMS 0x0000000702600000, 0x0000000702600000| Untracked 
|   5|0x0000000702800000, 0x0000000702800000, 0x0000000702a00000|  0%| F|  |TAMS 0x0000000702800000, 0x0000000702800000| Untracked 
|   6|0x0000000702a00000, 0x0000000702a00000, 0x0000000702c00000|  0%| F|  |TAMS 0x0000000702a00000, 0x0000000702a00000| Untracked 
|   7|0x0000000702c00000, 0x0000000702c00000, 0x0000000702e00000|  0%| F|  |TAMS 0x0000000702c00000, 0x0000000702c00000| Untracked 
|   8|0x0000000702e00000, 0x0000000702e00000, 0x0000000703000000|  0%| F|  |TAMS 0x0000000702e00000, 0x0000000702e00000| Untracked 
|   9|0x0000000703000000, 0x0000000703000000, 0x0000000703200000|  0%| F|  |TAMS 0x0000000703000000, 0x0000000703000000| Untracked 
|  10|0x0000000703200000, 0x0000000703200000, 0x0000000703400000|  0%| F|  |TAMS 0x0000000703200000, 0x0000000703200000| Untracked 
|  11|0x0000000703400000, 0x0000000703400000, 0x0000000703600000|  0%| F|  |TAMS 0x0000000703400000, 0x0000000703400000| Untracked 
|  12|0x0000000703600000, 0x0000000703600000, 0x0000000703800000|  0%| F|  |TAMS 0x0000000703600000, 0x0000000703600000| Untracked 
|  13|0x0000000703800000, 0x0000000703800000, 0x0000000703a00000|  0%| F|  |TAMS 0x0000000703800000, 0x0000000703800000| Untracked 
|  14|0x0000000703a00000, 0x0000000703a00000, 0x0000000703c00000|  0%| F|  |TAMS 0x0000000703a00000, 0x0000000703a00000| Untracked 
|  15|0x0000000703c00000, 0x0000000703c00000, 0x0000000703e00000|  0%| F|  |TAMS 0x0000000703c00000, 0x0000000703c00000| Untracked 
|  16|0x0000000703e00000, 0x0000000703e00000, 0x0000000704000000|  0%| F|  |TAMS 0x0000000703e00000, 0x0000000703e00000| Untracked 
|  17|0x0000000704000000, 0x0000000704000000, 0x0000000704200000|  0%| F|  |TAMS 0x0000000704000000, 0x0000000704000000| Untracked 
|  18|0x0000000704200000, 0x0000000704200000, 0x0000000704400000|  0%| F|  |TAMS 0x0000000704200000, 0x0000000704200000| Untracked 
|  19|0x0000000704400000, 0x0000000704400000, 0x0000000704600000|  0%| F|  |TAMS 0x0000000704400000, 0x0000000704400000| Untracked 
|  20|0x0000000704600000, 0x0000000704600000, 0x0000000704800000|  0%| F|  |TAMS 0x0000000704600000, 0x0000000704600000| Untracked 
|  21|0x0000000704800000, 0x0000000704800000, 0x0000000704a00000|  0%| F|  |TAMS 0x0000000704800000, 0x0000000704800000| Untracked 
|  22|0x0000000704a00000, 0x0000000704a00000, 0x0000000704c00000|  0%| F|  |TAMS 0x0000000704a00000, 0x0000000704a00000| Untracked 
|  23|0x0000000704c00000, 0x0000000704c00000, 0x0000000704e00000|  0%| F|  |TAMS 0x0000000704c00000, 0x0000000704c00000| Untracked 
|  24|0x0000000704e00000, 0x0000000704e00000, 0x0000000705000000|  0%| F|  |TAMS 0x0000000704e00000, 0x0000000704e00000| Untracked 
|  25|0x0000000705000000, 0x0000000705000000, 0x0000000705200000|  0%| F|  |TAMS 0x0000000705000000, 0x0000000705000000| Untracked 
|  26|0x0000000705200000, 0x0000000705200000, 0x0000000705400000|  0%| F|  |TAMS 0x0000000705200000, 0x0000000705200000| Untracked 
|  27|0x0000000705400000, 0x0000000705400000, 0x0000000705600000|  0%| F|  |TAMS 0x0000000705400000, 0x0000000705400000| Untracked 
|  28|0x0000000705600000, 0x0000000705600000, 0x0000000705800000|  0%| F|  |TAMS 0x0000000705600000, 0x0000000705600000| Untracked 
|  29|0x0000000705800000, 0x0000000705800000, 0x0000000705a00000|  0%| F|  |TAMS 0x0000000705800000, 0x0000000705800000| Untracked 
|  30|0x0000000705a00000, 0x0000000705a00000, 0x0000000705c00000|  0%| F|  |TAMS 0x0000000705a00000, 0x0000000705a00000| Untracked 
|  31|0x0000000705c00000, 0x0000000705c00000, 0x0000000705e00000|  0%| F|  |TAMS 0x0000000705c00000, 0x0000000705c00000| Untracked 
|  32|0x0000000705e00000, 0x0000000705e00000, 0x0000000706000000|  0%| F|  |TAMS 0x0000000705e00000, 0x0000000705e00000| Untracked 
|  33|0x0000000706000000, 0x0000000706000000, 0x0000000706200000|  0%| F|  |TAMS 0x0000000706000000, 0x0000000706000000| Untracked 
|  34|0x0000000706200000, 0x0000000706200000, 0x0000000706400000|  0%| F|  |TAMS 0x0000000706200000, 0x0000000706200000| Untracked 
|  35|0x0000000706400000, 0x0000000706400000, 0x0000000706600000|  0%| F|  |TAMS 0x0000000706400000, 0x0000000706400000| Untracked 
|  36|0x0000000706600000, 0x0000000706600000, 0x0000000706800000|  0%| F|  |TAMS 0x0000000706600000, 0x0000000706600000| Untracked 
|  37|0x0000000706800000, 0x0000000706800000, 0x0000000706a00000|  0%| F|  |TAMS 0x0000000706800000, 0x0000000706800000| Untracked 
|  38|0x0000000706a00000, 0x0000000706a00000, 0x0000000706c00000|  0%| F|  |TAMS 0x0000000706a00000, 0x0000000706a00000| Untracked 
|  39|0x0000000706c00000, 0x0000000706c00000, 0x0000000706e00000|  0%| F|  |TAMS 0x0000000706c00000, 0x0000000706c00000| Untracked 
|  40|0x0000000706e00000, 0x0000000706e00000, 0x0000000707000000|  0%| F|  |TAMS 0x0000000706e00000, 0x0000000706e00000| Untracked 
|  41|0x0000000707000000, 0x0000000707000000, 0x0000000707200000|  0%| F|  |TAMS 0x0000000707000000, 0x0000000707000000| Untracked 
|  42|0x0000000707200000, 0x0000000707200000, 0x0000000707400000|  0%| F|  |TAMS 0x0000000707200000, 0x0000000707200000| Untracked 
|  43|0x0000000707400000, 0x0000000707400000, 0x0000000707600000|  0%| F|  |TAMS 0x0000000707400000, 0x0000000707400000| Untracked 
|  44|0x0000000707600000, 0x0000000707600000, 0x0000000707800000|  0%| F|  |TAMS 0x0000000707600000, 0x0000000707600000| Untracked 
|  45|0x0000000707800000, 0x0000000707800000, 0x0000000707a00000|  0%| F|  |TAMS 0x0000000707800000, 0x0000000707800000| Untracked 
|  46|0x0000000707a00000, 0x0000000707a00000, 0x0000000707c00000|  0%| F|  |TAMS 0x0000000707a00000, 0x0000000707a00000| Untracked 
|  47|0x0000000707c00000, 0x0000000707c00000, 0x0000000707e00000|  0%| F|  |TAMS 0x0000000707c00000, 0x0000000707c00000| Untracked 
|  48|0x0000000707e00000, 0x0000000707e00000, 0x0000000708000000|  0%| F|  |TAMS 0x0000000707e00000, 0x0000000707e00000| Untracked 
|  49|0x0000000708000000, 0x0000000708000000, 0x0000000708200000|  0%| F|  |TAMS 0x0000000708000000, 0x0000000708000000| Untracked 
|  50|0x0000000708200000, 0x0000000708200000, 0x0000000708400000|  0%| F|  |TAMS 0x0000000708200000, 0x0000000708200000| Untracked 
|  51|0x0000000708400000, 0x0000000708400000, 0x0000000708600000|  0%| F|  |TAMS 0x0000000708400000, 0x0000000708400000| Untracked 
|  52|0x0000000708600000, 0x0000000708600000, 0x0000000708800000|  0%| F|  |TAMS 0x0000000708600000, 0x0000000708600000| Untracked 
|  53|0x0000000708800000, 0x0000000708800000, 0x0000000708a00000|  0%| F|  |TAMS 0x0000000708800000, 0x0000000708800000| Untracked 
|  54|0x0000000708a00000, 0x0000000708a00000, 0x0000000708c00000|  0%| F|  |TAMS 0x0000000708a00000, 0x0000000708a00000| Untracked 
|  55|0x0000000708c00000, 0x0000000708c00000, 0x0000000708e00000|  0%| F|  |TAMS 0x0000000708c00000, 0x0000000708c00000| Untracked 
|  56|0x0000000708e00000, 0x0000000708e00000, 0x0000000709000000|  0%| F|  |TAMS 0x0000000708e00000, 0x0000000708e00000| Untracked 
|  57|0x0000000709000000, 0x0000000709000000, 0x0000000709200000|  0%| F|  |TAMS 0x0000000709000000, 0x0000000709000000| Untracked 
|  58|0x0000000709200000, 0x0000000709200000, 0x0000000709400000|  0%| F|  |TAMS 0x0000000709200000, 0x0000000709200000| Untracked 
|  59|0x0000000709400000, 0x0000000709400000, 0x0000000709600000|  0%| F|  |TAMS 0x0000000709400000, 0x0000000709400000| Untracked 
|  60|0x0000000709600000, 0x0000000709600000, 0x0000000709800000|  0%| F|  |TAMS 0x0000000709600000, 0x0000000709600000| Untracked 
|  61|0x0000000709800000, 0x0000000709800000, 0x0000000709a00000|  0%| F|  |TAMS 0x0000000709800000, 0x0000000709800000| Untracked 
|  62|0x0000000709a00000, 0x0000000709a00000, 0x0000000709c00000|  0%| F|  |TAMS 0x0000000709a00000, 0x0000000709a00000| Untracked 
|  63|0x0000000709c00000, 0x0000000709c00000, 0x0000000709e00000|  0%| F|  |TAMS 0x0000000709c00000, 0x0000000709c00000| Untracked 
|  64|0x0000000709e00000, 0x0000000709e00000, 0x000000070a000000|  0%| F|  |TAMS 0x0000000709e00000, 0x0000000709e00000| Untracked 
|  65|0x000000070a000000, 0x000000070a000000, 0x000000070a200000|  0%| F|  |TAMS 0x000000070a000000, 0x000000070a000000| Untracked 
|  66|0x000000070a200000, 0x000000070a200000, 0x000000070a400000|  0%| F|  |TAMS 0x000000070a200000, 0x000000070a200000| Untracked 
|  67|0x000000070a400000, 0x000000070a400000, 0x000000070a600000|  0%| F|  |TAMS 0x000000070a400000, 0x000000070a400000| Untracked 
|  68|0x000000070a600000, 0x000000070a600000, 0x000000070a800000|  0%| F|  |TAMS 0x000000070a600000, 0x000000070a600000| Untracked 
|  69|0x000000070a800000, 0x000000070a800000, 0x000000070aa00000|  0%| F|  |TAMS 0x000000070a800000, 0x000000070a800000| Untracked 
|  70|0x000000070aa00000, 0x000000070aa00000, 0x000000070ac00000|  0%| F|  |TAMS 0x000000070aa00000, 0x000000070aa00000| Untracked 
|  71|0x000000070ac00000, 0x000000070ac00000, 0x000000070ae00000|  0%| F|  |TAMS 0x000000070ac00000, 0x000000070ac00000| Untracked 
|  72|0x000000070ae00000, 0x000000070ae00000, 0x000000070b000000|  0%| F|  |TAMS 0x000000070ae00000, 0x000000070ae00000| Untracked 
|  73|0x000000070b000000, 0x000000070b000000, 0x000000070b200000|  0%| F|  |TAMS 0x000000070b000000, 0x000000070b000000| Untracked 
|  74|0x000000070b200000, 0x000000070b200000, 0x000000070b400000|  0%| F|  |TAMS 0x000000070b200000, 0x000000070b200000| Untracked 
|  75|0x000000070b400000, 0x000000070b400000, 0x000000070b600000|  0%| F|  |TAMS 0x000000070b400000, 0x000000070b400000| Untracked 
|  76|0x000000070b600000, 0x000000070b600000, 0x000000070b800000|  0%| F|  |TAMS 0x000000070b600000, 0x000000070b600000| Untracked 
|  77|0x000000070b800000, 0x000000070b800000, 0x000000070ba00000|  0%| F|  |TAMS 0x000000070b800000, 0x000000070b800000| Untracked 
|  78|0x000000070ba00000, 0x000000070ba00000, 0x000000070bc00000|  0%| F|  |TAMS 0x000000070ba00000, 0x000000070ba00000| Untracked 
|  79|0x000000070bc00000, 0x000000070bc00000, 0x000000070be00000|  0%| F|  |TAMS 0x000000070bc00000, 0x000000070bc00000| Untracked 
|  80|0x000000070be00000, 0x000000070be00000, 0x000000070c000000|  0%| F|  |TAMS 0x000000070be00000, 0x000000070be00000| Untracked 
|  81|0x000000070c000000, 0x000000070c000000, 0x000000070c200000|  0%| F|  |TAMS 0x000000070c000000, 0x000000070c000000| Untracked 
|  82|0x000000070c200000, 0x000000070c200000, 0x000000070c400000|  0%| F|  |TAMS 0x000000070c200000, 0x000000070c200000| Untracked 
|  83|0x000000070c400000, 0x000000070c400000, 0x000000070c600000|  0%| F|  |TAMS 0x000000070c400000, 0x000000070c400000| Untracked 
|  84|0x000000070c600000, 0x000000070c600000, 0x000000070c800000|  0%| F|  |TAMS 0x000000070c600000, 0x000000070c600000| Untracked 
|  85|0x000000070c800000, 0x000000070c800000, 0x000000070ca00000|  0%| F|  |TAMS 0x000000070c800000, 0x000000070c800000| Untracked 
|  86|0x000000070ca00000, 0x000000070ca00000, 0x000000070cc00000|  0%| F|  |TAMS 0x000000070ca00000, 0x000000070ca00000| Untracked 
|  87|0x000000070cc00000, 0x000000070cc00000, 0x000000070ce00000|  0%| F|  |TAMS 0x000000070cc00000, 0x000000070cc00000| Untracked 
|  88|0x000000070ce00000, 0x000000070ce00000, 0x000000070d000000|  0%| F|  |TAMS 0x000000070ce00000, 0x000000070ce00000| Untracked 
|  89|0x000000070d000000, 0x000000070d000000, 0x000000070d200000|  0%| F|  |TAMS 0x000000070d000000, 0x000000070d000000| Untracked 
|  90|0x000000070d200000, 0x000000070d200000, 0x000000070d400000|  0%| F|  |TAMS 0x000000070d200000, 0x000000070d200000| Untracked 
|  91|0x000000070d400000, 0x000000070d400000, 0x000000070d600000|  0%| F|  |TAMS 0x000000070d400000, 0x000000070d400000| Untracked 
|  92|0x000000070d600000, 0x000000070d600000, 0x000000070d800000|  0%| F|  |TAMS 0x000000070d600000, 0x000000070d600000| Untracked 
|  93|0x000000070d800000, 0x000000070d800000, 0x000000070da00000|  0%| F|  |TAMS 0x000000070d800000, 0x000000070d800000| Untracked 
|  94|0x000000070da00000, 0x000000070da00000, 0x000000070dc00000|  0%| F|  |TAMS 0x000000070da00000, 0x000000070da00000| Untracked 
|  95|0x000000070dc00000, 0x000000070dc00000, 0x000000070de00000|  0%| F|  |TAMS 0x000000070dc00000, 0x000000070dc00000| Untracked 
|  96|0x000000070de00000, 0x000000070de00000, 0x000000070e000000|  0%| F|  |TAMS 0x000000070de00000, 0x000000070de00000| Untracked 
|  97|0x000000070e000000, 0x000000070e000000, 0x000000070e200000|  0%| F|  |TAMS 0x000000070e000000, 0x000000070e000000| Untracked 
|  98|0x000000070e200000, 0x000000070e200000, 0x000000070e400000|  0%| F|  |TAMS 0x000000070e200000, 0x000000070e200000| Untracked 
|  99|0x000000070e400000, 0x000000070e400000, 0x000000070e600000|  0%| F|  |TAMS 0x000000070e400000, 0x000000070e400000| Untracked 
| 100|0x000000070e600000, 0x000000070e600000, 0x000000070e800000|  0%| F|  |TAMS 0x000000070e600000, 0x000000070e600000| Untracked 
| 101|0x000000070e800000, 0x000000070e800000, 0x000000070ea00000|  0%| F|  |TAMS 0x000000070e800000, 0x000000070e800000| Untracked 
| 102|0x000000070ea00000, 0x000000070ea00000, 0x000000070ec00000|  0%| F|  |TAMS 0x000000070ea00000, 0x000000070ea00000| Untracked 
| 103|0x000000070ec00000, 0x000000070ec00000, 0x000000070ee00000|  0%| F|  |TAMS 0x000000070ec00000, 0x000000070ec00000| Untracked 
| 104|0x000000070ee00000, 0x000000070ee00000, 0x000000070f000000|  0%| F|  |TAMS 0x000000070ee00000, 0x000000070ee00000| Untracked 
| 105|0x000000070f000000, 0x000000070f000000, 0x000000070f200000|  0%| F|  |TAMS 0x000000070f000000, 0x000000070f000000| Untracked 
| 106|0x000000070f200000, 0x000000070f200000, 0x000000070f400000|  0%| F|  |TAMS 0x000000070f200000, 0x000000070f200000| Untracked 
| 107|0x000000070f400000, 0x000000070f400000, 0x000000070f600000|  0%| F|  |TAMS 0x000000070f400000, 0x000000070f400000| Untracked 
| 108|0x000000070f600000, 0x000000070f600000, 0x000000070f800000|  0%| F|  |TAMS 0x000000070f600000, 0x000000070f600000| Untracked 
| 109|0x000000070f800000, 0x000000070f800000, 0x000000070fa00000|  0%| F|  |TAMS 0x000000070f800000, 0x000000070f800000| Untracked 
| 110|0x000000070fa00000, 0x000000070fa00000, 0x000000070fc00000|  0%| F|  |TAMS 0x000000070fa00000, 0x000000070fa00000| Untracked 
| 111|0x000000070fc00000, 0x000000070fc00000, 0x000000070fe00000|  0%| F|  |TAMS 0x000000070fc00000, 0x000000070fc00000| Untracked 
| 112|0x000000070fe00000, 0x000000070fe00000, 0x0000000710000000|  0%| F|  |TAMS 0x000000070fe00000, 0x000000070fe00000| Untracked 
| 113|0x0000000710000000, 0x0000000710000000, 0x0000000710200000|  0%| F|  |TAMS 0x0000000710000000, 0x0000000710000000| Untracked 
| 114|0x0000000710200000, 0x0000000710200000, 0x0000000710400000|  0%| F|  |TAMS 0x0000000710200000, 0x0000000710200000| Untracked 
| 115|0x0000000710400000, 0x0000000710400000, 0x0000000710600000|  0%| F|  |TAMS 0x0000000710400000, 0x0000000710400000| Untracked 
| 116|0x0000000710600000, 0x0000000710600000, 0x0000000710800000|  0%| F|  |TAMS 0x0000000710600000, 0x0000000710600000| Untracked 
| 117|0x0000000710800000, 0x0000000710800000, 0x0000000710a00000|  0%| F|  |TAMS 0x0000000710800000, 0x0000000710800000| Untracked 
| 118|0x0000000710a00000, 0x0000000710a00000, 0x0000000710c00000|  0%| F|  |TAMS 0x0000000710a00000, 0x0000000710a00000| Untracked 
| 119|0x0000000710c00000, 0x0000000710c00000, 0x0000000710e00000|  0%| F|  |TAMS 0x0000000710c00000, 0x0000000710c00000| Untracked 
| 120|0x0000000710e00000, 0x0000000710e00000, 0x0000000711000000|  0%| F|  |TAMS 0x0000000710e00000, 0x0000000710e00000| Untracked 
| 121|0x0000000711000000, 0x0000000711000000, 0x0000000711200000|  0%| F|  |TAMS 0x0000000711000000, 0x0000000711000000| Untracked 
| 122|0x0000000711200000, 0x0000000711200000, 0x0000000711400000|  0%| F|  |TAMS 0x0000000711200000, 0x0000000711200000| Untracked 
| 123|0x0000000711400000, 0x0000000711400000, 0x0000000711600000|  0%| F|  |TAMS 0x0000000711400000, 0x0000000711400000| Untracked 
| 124|0x0000000711600000, 0x0000000711600000, 0x0000000711800000|  0%| F|  |TAMS 0x0000000711600000, 0x0000000711600000| Untracked 
| 125|0x0000000711800000, 0x0000000711800000, 0x0000000711a00000|  0%| F|  |TAMS 0x0000000711800000, 0x0000000711800000| Untracked 
| 126|0x0000000711a00000, 0x0000000711b52748, 0x0000000711c00000| 66%| E|  |TAMS 0x0000000711a00000, 0x0000000711a00000| Complete 
| 127|0x0000000711c00000, 0x0000000711e00000, 0x0000000711e00000|100%| E|CS|TAMS 0x0000000711c00000, 0x0000000711c00000| Complete 

Card table byte_map: [0x0000020cd8b50000,0x0000020cd9350000] _byte_map_base: 0x0000020cd5341000

Marking Bits (Prev, Next): (CMBitMap*) 0x0000020cc15c0650, (CMBitMap*) 0x0000020cc15c0690
 Prev Bits: [0x0000020cd9b50000, 0x0000020cddad8000)
 Next Bits: [0x0000020cddae0000, 0x0000020ce1a68000)

Polling page: 0x0000020cbf500000

Metaspace:

Usage:
  Non-class:      6.50 MB used.
      Class:    640.09 KB used.
       Both:      7.12 MB used.

Virtual space:
  Non-class space:        8.00 MB reserved,       6.56 MB ( 82%) committed,  1 nodes.
      Class space:        1.00 GB reserved,     704.00 KB ( <1%) committed,  1 nodes.
             Both:        1.01 GB reserved,       7.25 MB ( <1%) committed. 

Chunk freelists:
   Non-Class:  1020.00 KB
       Class:  3.24 MB
        Both:  4.24 MB

MaxMetaspaceSize: unlimited
CompressedClassSpaceSize: 1.00 GB
Initial GC threshold: 21.00 MB
Current GC threshold: 21.00 MB
CDS: off
MetaspaceReclaimPolicy: balanced
 - commit_granule_bytes: 65536.
 - commit_granule_words: 8192.
 - virtual_space_node_default_size: 1048576.
 - enlarge_chunks_in_place: 1.
 - new_chunks_are_fully_committed: 0.
 - uncommit_free_chunks: 1.
 - use_allocation_guard: 0.
 - handle_deallocations: 1.


Internal statistics:

num_allocs_failed_limit: 0.
num_arena_births: 16.
num_arena_deaths: 0.
num_vsnodes_births: 2.
num_vsnodes_deaths: 0.
num_space_committed: 116.
num_space_uncommitted: 0.
num_chunks_returned_to_freelist: 0.
num_chunks_taken_from_freelist: 36.
num_chunk_merges: 0.
num_chunk_splits: 14.
num_chunks_enlarged: 5.
num_purges: 0.
num_inconsistent_stats: 0.

CodeHeap 'non-profiled nmethods': size=120000Kb used=99Kb max_used=99Kb free=119900Kb
 bounds [0x0000020cd0af0000, 0x0000020cd0d60000, 0x0000020cd8020000]
CodeHeap 'profiled nmethods': size=120000Kb used=391Kb max_used=391Kb free=119608Kb
 bounds [0x0000020cc9020000, 0x0000020cc9290000, 0x0000020cd0550000]
CodeHeap 'non-nmethods': size=5760Kb used=1101Kb max_used=1123Kb free=4658Kb
 bounds [0x0000020cd0550000, 0x0000020cd07c0000, 0x0000020cd0af0000]
 total_blobs=704 nmethods=329 adapters=288
 compilation: enabled
              stopped_count=0, restarted_count=0
 full_count=0

Compilation events (20 events):
Event: 0.216 Thread 0x0000020ce45daa00 nmethod 319 0x0000020cc907ba90 code [0x0000020cc907bc20, 0x0000020cc907bd98]
Event: 0.216 Thread 0x0000020ce45daa00  320       3       sun.nio.fs.WindowsPathParser::isInvalidPathChar (22 bytes)
Event: 0.216 Thread 0x0000020ce45daa00 nmethod 320 0x0000020cc907be10 code [0x0000020cc907bfe0, 0x0000020cc907c328]
Event: 0.219 Thread 0x0000020ce45daa00  321       3       java.lang.ref.Reference::reachabilityFence (1 bytes)
Event: 0.219 Thread 0x0000020ce45daa00 nmethod 321 0x0000020cc907c490 code [0x0000020cc907c620, 0x0000020cc907c718]
Event: 0.220 Thread 0x0000020ce477ace0  322       4       java.lang.StringLatin1::replace (198 bytes)
Event: 0.222 Thread 0x0000020ce45daa00  324       3       java.util.StringTokenizer::scanToken (179 bytes)
Event: 0.222 Thread 0x0000020ce45cdf40  325       4       java.lang.String::charAt (25 bytes)
Event: 0.223 Thread 0x0000020ce45cdf40 nmethod 325 0x0000020cd0b08110 code [0x0000020cd0b082a0, 0x0000020cd0b08388]
Event: 0.223 Thread 0x0000020ce45cdf40  328       4       java.lang.StringLatin1::indexOf (36 bytes)
Event: 0.223 Thread 0x0000020ce45daa00 nmethod 324 0x0000020cc907c790 code [0x0000020cc907cb00, 0x0000020cc907e158]
Event: 0.223 Thread 0x0000020ce45daa00  323       3       java.util.StringTokenizer::skipDelimiters (116 bytes)
Event: 0.223 Thread 0x0000020ce45cdf40 nmethod 328 0x0000020cd0b08490 code [0x0000020cd0b08600, 0x0000020cd0b087b8]
Event: 0.223 Thread 0x0000020ce45cdf40  329       4       java.util.HashMap::put (13 bytes)
Event: 0.224 Thread 0x0000020ce45daa00 nmethod 323 0x0000020cc907e910 code [0x0000020cc907ebc0, 0x0000020cc907f928]
Event: 0.224 Thread 0x0000020ce45daa00  326       3       java.util.StringTokenizer::hasMoreTokens (29 bytes)
Event: 0.224 Thread 0x0000020ce45daa00 nmethod 326 0x0000020cc907fe10 code [0x0000020cc907ffc0, 0x0000020cc9080168]
Event: 0.224 Thread 0x0000020ce45daa00  327       3       java.util.StringTokenizer::nextToken (92 bytes)
Event: 0.224 Thread 0x0000020ce45daa00 nmethod 327 0x0000020cc9080210 code [0x0000020cc90803e0, 0x0000020cc9080778]
Event: 0.224 Thread 0x0000020ce45cdf40 nmethod 329 0x0000020cd0b08910 code [0x0000020cd0b08aa0, 0x0000020cd0b08be8]

GC Heap History (0 events):
No events

Dll operation events (6 events):
Event: 0.012 Loaded shared library C:\Program Files\Eclipse Adoptium\jdk-17.0.6.10-hotspot\bin\java.dll
Event: 0.045 Loaded shared library C:\Program Files\Eclipse Adoptium\jdk-17.0.6.10-hotspot\bin\jsvml.dll
Event: 0.149 Loaded shared library C:\Program Files\Eclipse Adoptium\jdk-17.0.6.10-hotspot\bin\net.dll
Event: 0.151 Loaded shared library C:\Program Files\Eclipse Adoptium\jdk-17.0.6.10-hotspot\bin\nio.dll
Event: 0.159 Loaded shared library C:\Program Files\Eclipse Adoptium\jdk-17.0.6.10-hotspot\bin\zip.dll
Event: 0.217 Loaded shared library C:\Program Files\Eclipse Adoptium\jdk-17.0.6.10-hotspot\bin\jimage.dll

Deoptimization events (8 events):
Event: 0.204 Thread 0x0000020cc15534a0 Uncommon trap: trap_request=0xffffff45 fr.pc=0x0000020cd0afd45c relative=0x000000000000005c
Event: 0.204 Thread 0x0000020cc15534a0 Uncommon trap: reason=unstable_if action=reinterpret pc=0x0000020cd0afd45c method=java.lang.String.isLatin1()Z @ 10 c2
Event: 0.204 Thread 0x0000020cc15534a0 DEOPT PACKING pc=0x0000020cd0afd45c sp=0x00000013368fe1e0
Event: 0.204 Thread 0x0000020cc15534a0 DEOPT UNPACKING pc=0x0000020cd05a69a3 sp=0x00000013368fe170 mode 2
Event: 0.204 Thread 0x0000020cc15534a0 Uncommon trap: trap_request=0xffffff45 fr.pc=0x0000020cd0af8980 relative=0x0000000000000080
Event: 0.204 Thread 0x0000020cc15534a0 Uncommon trap: reason=unstable_if action=reinterpret pc=0x0000020cd0af8980 method=java.lang.String.isLatin1()Z @ 10 c2
Event: 0.204 Thread 0x0000020cc15534a0 DEOPT PACKING pc=0x0000020cd0af8980 sp=0x00000013368febe0
Event: 0.204 Thread 0x0000020cc15534a0 DEOPT UNPACKING pc=0x0000020cd05a69a3 sp=0x00000013368feb20 mode 2

Classes unloaded (0 events):
No events

Classes redefined (0 events):
No events

Internal exceptions (5 events):
Event: 0.184 Thread 0x0000020cc15534a0 Exception <a 'java/lang/NoSuchMethodError'{0x0000000711a45c20}: 'void java.lang.invoke.DirectMethodHandle$Holder.invokeSpecial(java.lang.Object, java.lang.Object, java.lang.Object)'> (0x0000000711a45c20) 
thrown [s\src\hotspot\share\interpreter\linkResolver.cpp, line 759]
Event: 0.190 Thread 0x0000020cc15534a0 Exception <a 'java/lang/NoSuchMethodError'{0x0000000711a5c018}: 'void java.lang.invoke.DirectMethodHandle$Holder.invokeSpecial(java.lang.Object, java.lang.Object, java.lang.Object, java.lang.Object, java.lang.Object)'> (0x0000000711a5c018) 
thrown [s\src\hotspot\share\interpreter\linkResolver.cpp, line 759]
Event: 0.192 Thread 0x0000020cc15534a0 Exception <a 'java/lang/NoSuchMethodError'{0x0000000711a6ee08}: 'java.lang.Object java.lang.invoke.DirectMethodHandle$Holder.invokeInterface(java.lang.Object, java.lang.Object)'> (0x0000000711a6ee08) 
thrown [s\src\hotspot\share\interpreter\linkResolver.cpp, line 759]
Event: 0.192 Thread 0x0000020cc15534a0 Exception <a 'java/lang/IncompatibleClassChangeError'{0x0000000711a725a8}: Found class java.lang.Object, but interface was expected> (0x0000000711a725a8) 
thrown [s\src\hotspot\share\interpreter\linkResolver.cpp, line 826]
Event: 0.193 Thread 0x0000020cc15534a0 Exception <a 'java/lang/NoSuchMethodError'{0x0000000711a75370}: 'void java.lang.invoke.DirectMethodHandle$Holder.invokeStatic(java.lang.Object, java.lang.Object, java.lang.Object, java.lang.Object)'> (0x0000000711a75370) 
thrown [s\src\hotspot\share\interpreter\linkResolver.cpp, line 759]

VM Operations (2 events):
Event: 0.160 Executing VM operation: HandshakeAllThreads
Event: 0.160 Executing VM operation: HandshakeAllThreads done

Events (20 events):
Event: 0.221 loading class sun/util/locale/provider/NumberFormatProviderImpl
Event: 0.221 loading class sun/util/locale/provider/AvailableLanguageTags
Event: 0.221 loading class sun/util/locale/provider/AvailableLanguageTags done
Event: 0.221 loading class sun/util/locale/provider/NumberFormatProviderImpl done
Event: 0.221 loading class java/util/StringTokenizer
Event: 0.222 loading class java/util/StringTokenizer done
Event: 0.223 loading class java/util/Collections$EmptyIterator
Event: 0.223 loading class java/util/Collections$EmptyIterator done
Event: 0.223 loading class sun/util/locale/provider/CalendarDataUtility
Event: 0.223 loading class sun/util/locale/provider/CalendarDataUtility done
Event: 0.223 loading class java/util/Locale$Builder
Event: 0.223 loading class java/util/Locale$Builder done
Event: 0.223 loading class sun/util/locale/provider/LocaleResources
Event: 0.224 loading class sun/util/locale/provider/LocaleResources done
Event: 0.224 loading class sun/util/resources/LocaleData
Event: 0.224 loading class sun/util/resources/LocaleData done
Event: 0.225 loading class java/util/ResourceBundle$Control
Event: 0.225 loading class java/util/ResourceBundle$Control done
Event: 0.225 loading class java/util/ResourceBundle
Event: 0.226 loading class java/util/ResourceBundle done


Dynamic libraries:
0x00007ff677b30000 - 0x00007ff677b3e000 	C:\Program Files\Eclipse Adoptium\jdk-17.0.6.10-hotspot\bin\javaw.exe
0x00007ffcc3910000 - 0x00007ffcc3b08000 	C:\WINDOWS\SYSTEM32\ntdll.dll
0x00007ffcc3790000 - 0x00007ffcc384f000 	C:\WINDOWS\System32\KERNEL32.DLL
0x00007ffcc10e0000 - 0x00007ffcc13ba000 	C:\WINDOWS\System32\KERNELBASE.dll
0x00007ffcbe480000 - 0x00007ffcbe510000 	C:\WINDOWS\SYSTEM32\apphelp.dll
0x00007ffcc13c0000 - 0x00007ffcc14c0000 	C:\WINDOWS\System32\ucrtbase.dll
0x00007ffcba2e0000 - 0x00007ffcba2f9000 	C:\Program Files\Eclipse Adoptium\jdk-17.0.6.10-hotspot\bin\VCRUNTIME140.dll
0x00007ffcba300000 - 0x00007ffcba317000 	C:\Program Files\Eclipse Adoptium\jdk-17.0.6.10-hotspot\bin\jli.dll
0x00007ffcc1c10000 - 0x00007ffcc1dad000 	C:\WINDOWS\System32\USER32.dll
0x00007ffcc10b0000 - 0x00007ffcc10d2000 	C:\WINDOWS\System32\win32u.dll
0x00007ffcc1970000 - 0x00007ffcc199b000 	C:\WINDOWS\System32\GDI32.dll
0x00007ffcc1770000 - 0x00007ffcc1880000 	C:\WINDOWS\System32\gdi32full.dll
0x00007ffcc18d0000 - 0x00007ffcc196d000 	C:\WINDOWS\System32\msvcp_win.dll
0x00007ffcafd10000 - 0x00007ffcaffaa000 	C:\WINDOWS\WinSxS\amd64_microsoft.windows.common-controls_6595b64144ccf1df_6.0.19041.1110_none_60b5254171f9507e\COMCTL32.dll
0x00007ffcc2630000 - 0x00007ffcc26ce000 	C:\WINDOWS\System32\msvcrt.dll
0x00007ffcc19a0000 - 0x00007ffcc19d0000 	C:\WINDOWS\System32\IMM32.DLL
0x000000005ab30000 - 0x000000005ab3c000 	C:\Program Files (x86)\360\Total Security\safemon\SafeWrapper.dll
0x00007ffcc3540000 - 0x00007ffcc35ee000 	C:\WINDOWS\System32\ADVAPI32.dll
0x00007ffcc2880000 - 0x00007ffcc291c000 	C:\WINDOWS\System32\sechost.dll
0x00007ffcc2e50000 - 0x00007ffcc2f76000 	C:\WINDOWS\System32\RPCRT4.dll
0x00007ffcb1590000 - 0x00007ffcb1622000 	C:\Program Files (x86)\360\Total Security\safemon\libzdtp64.dll
0x00007ffcc1e80000 - 0x00007ffcc25c4000 	C:\WINDOWS\System32\SHELL32.dll
0x00007ffcc25d0000 - 0x00007ffcc2625000 	C:\WINDOWS\System32\SHLWAPI.dll
0x00007ffcc0bb0000 - 0x00007ffcc0bba000 	C:\WINDOWS\SYSTEM32\VERSION.dll
0x00007ffcbd1b0000 - 0x00007ffcbd1bc000 	C:\Program Files\Eclipse Adoptium\jdk-17.0.6.10-hotspot\bin\vcruntime140_1.dll
0x00007ffcac960000 - 0x00007ffcac9f1000 	C:\Program Files\Eclipse Adoptium\jdk-17.0.6.10-hotspot\bin\msvcp140.dll
0x00007ffc68690000 - 0x00007ffc692d7000 	C:\Program Files\Eclipse Adoptium\jdk-17.0.6.10-hotspot\bin\server\jvm.dll
0x00007ffcb25f0000 - 0x00007ffcb2617000 	C:\WINDOWS\SYSTEM32\WINMM.dll
0x00007ffcbef30000 - 0x00007ffcbef39000 	C:\WINDOWS\SYSTEM32\WSOCK32.dll
0x00007ffcc26d0000 - 0x00007ffcc273b000 	C:\WINDOWS\System32\WS2_32.dll
0x00007ffcbf800000 - 0x00007ffcbf812000 	C:\WINDOWS\SYSTEM32\kernel.appcore.dll
0x00007ffcbc5f0000 - 0x00007ffcbc5fa000 	C:\Program Files\Eclipse Adoptium\jdk-17.0.6.10-hotspot\bin\jimage.dll
0x00007ffcbed20000 - 0x00007ffcbef04000 	C:\WINDOWS\SYSTEM32\DBGHELP.DLL
0x00007ffca9610000 - 0x00007ffca9644000 	C:\WINDOWS\SYSTEM32\dbgcore.DLL
0x00007ffcc1020000 - 0x00007ffcc10a2000 	C:\WINDOWS\System32\bcryptPrimitives.dll
0x00007ffcaf9b0000 - 0x00007ffcaf9d5000 	C:\Program Files\Eclipse Adoptium\jdk-17.0.6.10-hotspot\bin\java.dll
0x00007ffc8eef0000 - 0x00007ffc8efc6000 	C:\Program Files\Eclipse Adoptium\jdk-17.0.6.10-hotspot\bin\jsvml.dll
0x00007ffcbf050000 - 0x00007ffcbf7e3000 	C:\WINDOWS\SYSTEM32\windows.storage.dll
0x00007ffcc3130000 - 0x00007ffcc3484000 	C:\WINDOWS\System32\combase.dll
0x00007ffcc0a10000 - 0x00007ffcc0a3e000 	C:\WINDOWS\SYSTEM32\Wldp.dll
0x00007ffcc2930000 - 0x00007ffcc29dd000 	C:\WINDOWS\System32\SHCORE.dll
0x00007ffcc0f60000 - 0x00007ffcc0f7f000 	C:\WINDOWS\SYSTEM32\profapi.dll
0x00007ffcb7e40000 - 0x00007ffcb7e59000 	C:\Program Files\Eclipse Adoptium\jdk-17.0.6.10-hotspot\bin\net.dll
0x00007ffcba860000 - 0x00007ffcba96a000 	C:\WINDOWS\SYSTEM32\WINHTTP.dll
0x00007ffcc0770000 - 0x00007ffcc07da000 	C:\WINDOWS\system32\mswsock.dll
0x00007ffc920c0000 - 0x00007ffc920d5000 	C:\Program Files\Eclipse Adoptium\jdk-17.0.6.10-hotspot\bin\nio.dll
0x00007ffc90bb0000 - 0x00007ffc90bc8000 	C:\Program Files\Eclipse Adoptium\jdk-17.0.6.10-hotspot\bin\zip.dll

dbghelp: loaded successfully - version: 4.0.5 - missing functions: none
symbol engine: initialized successfully - sym options: 0x614 - pdb path: .;C:\Program Files\Eclipse Adoptium\jdk-17.0.6.10-hotspot\bin;C:\WINDOWS\SYSTEM32;C:\WINDOWS\WinSxS\amd64_microsoft.windows.common-controls_6595b64144ccf1df_6.0.19041.1110_none_60b5254171f9507e;C:\Program Files (x86)\360\Total Security\safemon;C:\Program Files\Eclipse Adoptium\jdk-17.0.6.10-hotspot\bin\server

VM Arguments:
jvm_args: -Dfile.encoding=UTF-8 --module-path=C:\Users\Zappa\eclipse-workspace\TrabajoIntegrador\lib\mysql-connector-java-5.1.47.jar -XX:+ShowCodeDetailsInExceptionMessages 
java_command: TrabajoIntegrador.Main
java_class_path (initial): C:\Users\Zappa\eclipse-workspace\TrabajoIntegrador\bin
Launcher Type: SUN_STANDARD

[Global flags]
     intx CICompilerCount                          = 4                                         {product} {ergonomic}
     uint ConcGCThreads                            = 2                                         {product} {ergonomic}
     uint G1ConcRefinementThreads                  = 8                                         {product} {ergonomic}
   size_t G1HeapRegionSize                         = 2097152                                   {product} {ergonomic}
    uintx GCDrainStackTargetSize                   = 64                                        {product} {ergonomic}
   size_t InitialHeapSize                          = 268435456                                 {product} {ergonomic}
   size_t MarkStackSize                            = 4194304                                   {product} {ergonomic}
   size_t MaxHeapSize                              = 4263510016                                {product} {ergonomic}
   size_t MaxNewSize                               = 2556428288                                {product} {ergonomic}
   size_t MinHeapDeltaBytes                        = 2097152                                   {product} {ergonomic}
   size_t MinHeapSize                              = 8388608                                   {product} {ergonomic}
    uintx NonNMethodCodeHeapSize                   = 5839372                                {pd product} {ergonomic}
    uintx NonProfiledCodeHeapSize                  = 122909434                              {pd product} {ergonomic}
    uintx ProfiledCodeHeapSize                     = 122909434                              {pd product} {ergonomic}
    uintx ReservedCodeCacheSize                    = 251658240                              {pd product} {ergonomic}
     bool SegmentedCodeCache                       = true                                      {product} {ergonomic}
     bool ShowCodeDetailsInExceptionMessages       = true                                   {manageable} {command line}
   size_t SoftMaxHeapSize                          = 4263510016                             {manageable} {ergonomic}
     bool UseCompressedClassPointers               = true                           {product lp64_product} {ergonomic}
     bool UseCompressedOops                        = true                           {product lp64_product} {ergonomic}
     bool UseG1GC                                  = true                                      {product} {ergonomic}
     bool UseLargePagesIndividualAllocation        = false                                  {pd product} {ergonomic}

Logging:
Log output configuration:
 #0: stdout all=warning uptime,level,tags
 #1: stderr all=off uptime,level,tags

Environment Variables:
JAVA_HOME=C:\Program Files\Eclipse Adoptium\jdk-17.0.6.10-hotspot\
PATH=C:/Program Files/Eclipse Adoptium/jdk-17.0.6.10-hotspot/bin/server;C:/Program Files/Eclipse Adoptium/jdk-17.0.6.10-hotspot/bin;C:\Program Files\Eclipse Adoptium\jdk-17.0.6.10-hotspot\bin;C:\Windows\system32;C:\Windows;C:\Windows\System32\Wbem;C:\Windows\System32\WindowsPowerShell\v1.0\;C:\Program Files (x86)\NVIDIA Corporation\PhysX\Common;C:\WINDOWS\system32;C:\WINDOWS;C:\WINDOWS\System32\Wbem;C:\WINDOWS\System32\WindowsPowerShell\v1.0\;C:\WINDOWS\System32\OpenSSH\;C:\Program Files\NVIDIA Corporation\NVIDIA NvDLISR;C:\Program Files\Git\cmd;C:\Users\Zappa\;C:\Program Files\MySQL\MySQL Shell 8.0\bin\;C:\Users\Zappa\AppData\Local\Programs\Python\Python310\Scripts\;C:\Users\Zappa\AppData\Local\Programs\Python\Python310\;C:\Users\Zappa\AppData\Local\Microsoft\WindowsApps;C:\Users\Zappa\AppData\Local\Programs\Microsoft VS Code\bin;C:\Program Files\Eclipse Adoptium\jdk-17.0.6.10-hotspot\\bin;D:\IntelliJ IDEA Community Edition 2022.3\bin;C:\Users\Zappa\AppData\Roaming\npm;C:\Users\Zappa\Desktop;
USERNAME=Zappa
OS=Windows_NT
PROCESSOR_IDENTIFIER=Intel64 Family 6 Model 94 Stepping 3, GenuineIntel
TMP=C:\Users\Zappa\AppData\Local\Temp
TEMP=C:\Users\Zappa\AppData\Local\Temp



---------------  S Y S T E M  ---------------

OS:
 Windows 10 , 64 bit Build 19041 (10.0.19041.2788)
OS uptime: 4 days 20:34 hours

CPU: total 8 (initial active 8) (4 cores per cpu, 2 threads per core) family 6 model 94 stepping 3 microcode 0xcc, cx8, cmov, fxsr, ht, mmx, 3dnowpref, sse, sse2, sse3, ssse3, sse4.1, sse4.2, popcnt, lzcnt, tsc, tscinvbit, avx, avx2, aes, erms, clmul, bmi1, bmi2, rtm, adx, fma, vzeroupper, clflush, clflushopt

Memory: 4k page, system-wide physical 16256M (8538M free)
TotalPageFile size 21479M (AvailPageFile size 4M)
current process WorkingSet (physical memory assigned to process): 37M, peak: 37M
current process commit charge ("private bytes"): 341M, peak: 341M

vm_info: OpenJDK 64-Bit Server VM (17.0.6+10) for windows-amd64 JRE (17.0.6+10), built on Jan 18 2023 10:08:59 by "temurin" with MS VC++ 16.7 (VS2019)

END.
